Welocome 1 times
Welocome 2 times
Welocome 3 times
Welocome 4 times
Welocome 5 times
Welocome 6 times
Welocome 7 times
Welocome 8 times
Welocome 9 times
Welocome 10 times
Name is Abhay
Name is Abbu
Name is Ani
NUmber is 1
NUmber is 2
NUmber is 3
NUmber is 4
NUmber is 5
NUmber is 6
NUmber is 7
NUmber is 8
NUmber is 9
NUmber is 10
NUmber is 11
NUmber is 12
NUmber is 13
NUmber is 14
NUmber is 15
NUmber is 16
NUmber is 17
NUmber is 18
NUmber is 19
NUmber is 20
Welocome 1 times
Welocome 2 times
Welocome 3 times
Welocome 4 times
Welocome 5 times
Welocome 6 times
Welocome 7 times
Welocome 8 times
Welocome 9 times
Welocome 10 times
Name is Abhay
Name is Abbu
Name is Ani
NUmber is 1
NUmber is 2
NUmber is 3
NUmber is 4
NUmber is 5
NUmber is 6
NUmber is 7
NUmber is 8
NUmber is 9
NUmber is 10
NUmber is 11
NUmber is 12
NUmber is 13
NUmber is 14
NUmber is 15
NUmber is 16
NUmber is 17
NUmber is 18
NUmber is 19
NUmber is 20
